\BOOKMARK [1][-]{section.5}{Small-Scale Experiments}{}% 1
\BOOKMARK [2][-]{subsection.5.1}{Experiment 1 \(Cartpole\) \205 [25 points total]}{section.5}% 2
\BOOKMARK [3][-]{subsubsection.5.1.1}{Configurations}{subsection.5.1}% 3
\BOOKMARK [3][-]{subsubsection.5.1.2}{Plots}{subsection.5.1}% 4
\BOOKMARK [4][-]{paragraph.5.1.2.1}{Small batch \205 [5 points]}{subsubsection.5.1.2}% 5
\BOOKMARK [4][-]{paragraph.5.1.2.2}{Large batch \205 [5 points]}{subsubsection.5.1.2}% 6
\BOOKMARK [3][-]{subsubsection.5.1.3}{Analysis}{subsection.5.1}% 7
\BOOKMARK [4][-]{paragraph.5.1.3.1}{Value estimator \205 [5 points]}{subsubsection.5.1.3}% 8
\BOOKMARK [4][-]{paragraph.5.1.3.2}{Advantage standardization \205 [5 points]}{subsubsection.5.1.3}% 9
\BOOKMARK [4][-]{paragraph.5.1.3.3}{Batch size \205 [5 points]}{subsubsection.5.1.3}% 10
\BOOKMARK [2][-]{subsection.5.2}{Experiment 2 \(InvertedPendulum\) \205 [15 points total]}{section.5}% 11
\BOOKMARK [3][-]{subsubsection.5.2.1}{Configurations \205 [5 points]}{subsection.5.2}% 12
\BOOKMARK [3][-]{subsubsection.5.2.2}{smallest b* and largest r* \(same run\) \205 [5 points]}{subsection.5.2}% 13
\BOOKMARK [3][-]{subsubsection.5.2.3}{Plot \205 [5 points]}{subsection.5.2}% 14
\BOOKMARK [1][-]{section.7}{More Complex Experiments}{}% 15
\BOOKMARK [2][-]{subsection.7.1}{Experiment 3 \(LunarLander\) \205 [10 points total]}{section.7}% 16
\BOOKMARK [3][-]{subsubsection.7.1.1}{Configurations}{subsection.7.1}% 17
\BOOKMARK [3][-]{subsubsection.7.1.2}{Plot \205 [10 points]}{subsection.7.1}% 18
\BOOKMARK [2][-]{subsection.7.2}{Experiment 4 \(HalfCheetah\) \205 [30 points]}{section.7}% 19
\BOOKMARK [3][-]{subsubsection.7.2.1}{Configurations}{subsection.7.2}% 20
\BOOKMARK [3][-]{subsubsection.7.2.2}{Plot \205 [10 points]}{subsection.7.2}% 21
\BOOKMARK [3][-]{subsubsection.7.2.3}{Optimal b* and r* \205 [3 points]}{subsection.7.2}% 22
\BOOKMARK [3][-]{subsubsection.7.2.4}{Describe how b* and r* affect task performance \205 [7 points]}{subsection.7.2}% 23
\BOOKMARK [3][-]{subsubsection.7.2.5}{Configurations with optimal b* and r* \205 [3 points]}{subsection.7.2}% 24
\BOOKMARK [3][-]{subsubsection.7.2.6}{Plot for four runs with optimal b* and r* \205 [7 points]}{subsection.7.2}% 25
\BOOKMARK [1][-]{section.8}{Implementing Generalized Advantage Estimation}{}% 26
\BOOKMARK [2][-]{subsection.8.1}{Experiment 5 \(Hopper\) \205 [20 points]}{section.8}% 27
\BOOKMARK [3][-]{subsubsection.8.1.1}{Configurations}{subsection.8.1}% 28
\BOOKMARK [3][-]{subsubsection.8.1.2}{Plot \205 [13 points]}{subsection.8.1}% 29
\BOOKMARK [3][-]{subsubsection.8.1.3}{Describe how \040affects task performance \205 [7 points]}{subsection.8.1}% 30
\BOOKMARK [1][-]{section.9}{Bonus! \(optional\)}{}% 31
\BOOKMARK [2][-]{subsection.9.1}{Parallelization \205 [15 points]}{section.9}% 32
\BOOKMARK [2][-]{subsection.9.2}{Multiple gradient steps \205 [5 points]}{section.9}% 33
